<?xml version="1.0" encoding="UTF-8"?>
<!-- Generated by org.testng.reporters.JUnitXMLReporter -->
<testsuite hostname="ManvirKaur" ignored="0" name="TestNgConcept.TC003_Applicationtestcases" tests="3" failures="0" timestamp="06 Jan 2023 03:34:43 GMT" time="20.159" errors="0">
  <testcase name="Gettitle" time="0.01" classname="TestNgConcept.TC003_Applicationtestcases"/>
  <testcase name="login" time="0.78" classname="TestNgConcept.TC003_Applicationtestcases"/>
  <testcase name="checkthetext" time="0.01" classname="TestNgConcept.TC003_Applicationtestcases"/>
</testsuite> <!-- TestNgConcept.TC003_Applicationtestcases -->
